<?xml version="1.0" encoding="UTF-8"?>
<!-- Generated by org.testng.reporters.JUnitReportReporter -->
<testsuite hostname="LAPTOP-Q0H05HFR" failures="0" tests="1" name="com.qa.testcases.HomePageTestCases" time="15.751" errors="0" timestamp="2022-10-17T12:03:24 CDT" skipped="0">
  <testcase classname="com.qa.testcases.HomePageTestCases" name="movetoContactsPage" time="15.751"/>
  <system-out/>
</testsuite> <!-- com.qa.testcases.HomePageTestCases -->
